Using pre-set license
Built from '2020.3/staging' branch; Version is '2020.3.0f1 (c7b5465681fb) revision 13088070'; Using compiler version '192528614'; Build Type 'Release'
OS: 'Windows 10 Home; OS build 19044.2006; Version 2009; 64bit' Language: 'en' Physical Memory: 14282 MB
BatchMode: 1, IsHumanControllingUs: 0, StartBugReporterOnCrash: 0, Is64bit: 1, IsPro: 0

 COMMAND LINE ARGUMENTS:
C:\Program Files\Unity\Hub\Editor\2020.3.0f1\Editor\Unity.exe
-adb2
-batchMode
-noUpm
-name
AssetImportWorker1
-projectPath
C:/Users/mitchell_pincham/FPS-Game-2022/Game
-logFile
Logs/AssetImportWorker1.log
-srvPort
54811
Successfully changed project path to: C:/Users/mitchell_pincham/FPS-Game-2022/Game
C:/Users/mitchell_pincham/FPS-Game-2022/Game
Using Asset Import Pipeline V2.
Refreshing native plugins compatible for Editor in 124.43 ms, found 0 plugins.
Preloading 0 native plugins for Editor in 0.00 ms.
Initialize engine version: 2020.3.0f1 (c7b5465681fb)
[Subsystems] Discovering subsystems at path C:/Program Files/Unity/Hub/Editor/2020.3.0f1/Editor/Data/Resources/UnitySubsystems
[Subsystems] Discovering subsystems at path C:/Users/mitchell_pincham/FPS-Game-2022/Game/Assets
GfxDevice: creating device client; threaded=0
Direct3D:
    Version:  Direct3D 11.0 [level 11.1]
    Renderer: AMD Radeon(TM) Vega 8 Graphics (ID=0x15d8)
    Vendor:   
    VRAM:     7141 MB
    Driver:   27.20.21034.37
Initialize mono
Mono path[0] = 'C:/Program Files/Unity/Hub/Editor/2020.3.0f1/Editor/Data/Managed'
Mono path[1] = 'C:/Program Files/Unity/Hub/Editor/2020.3.0f1/Editor/Data/MonoBleedingEdge/lib/mono/unityjit'
Mono config path = 'C:/Program Files/Unity/Hub/Editor/2020.3.0f1/Editor/Data/MonoBleedingEdge/etc'
Using monoOptions --debugger-agent=transport=dt_socket,embedding=1,server=y,suspend=n,address=127.0.0.1:56548
Begin MonoManager ReloadAssembly
Registering precompiled unity dll's ...
Register platform support module: C:/Program Files/Unity/Hub/Editor/2020.3.0f1/Editor/Data/PlaybackEngines/WebGLSupport/UnityEditor.WebGL.Extensions.dll
Register platform support module: C:/Program Files/Unity/Hub/Editor/2020.3.0f1/Editor/Data/PlaybackEngines/WindowsStandaloneSupport/UnityEditor.WindowsStandalone.Extensions.dll
Registered in 0.012905 seconds.
Native extension for WindowsStandalone target not found
Native extension for WebGL target not found
Refreshing native plugins compatible for Editor in 108.03 ms, found 0 plugins.
Preloading 0 native plugins for Editor in 0.00 ms.
Invoked RoslynAnalysisRunner static constructor.
RoslynAnalysisRunner will not be running.
RoslynAnalysisRunner has terminated.
Mono: successfully reloaded assembly
- Completed reload, in  6.479 seconds
Platform modules already initialized, skipping
Registering precompiled user dll's ...
Registered in 0.003876 seconds.
Begin MonoManager ReloadAssembly
Native extension for WindowsStandalone target not found
Native extension for WebGL target not found
Refreshing native plugins compatible for Editor in 0.93 ms, found 0 plugins.
Preloading 0 native plugins for Editor in 0.00 ms.
Invoked RoslynAnalysisRunner static constructor.
RoslynAnalysisRunner will not be running.
RoslynAnalysisRunner has terminated.
Mono: successfully reloaded assembly
- Completed reload, in  5.052 seconds
Platform modules already initialized, skipping
========================================================================
Worker process is ready to serve import requests
Launched and connected shader compiler UnityShaderCompiler.exe after 0.32 seconds
Refreshing native plugins compatible for Editor in 2.15 ms, found 0 plugins.
Preloading 0 native plugins for Editor in 0.00 ms.
Unloading 1139 Unused Serialized files (Serialized files now loaded: 0)
System memory in use before: 60.0 MB.
System memory in use after: 60.0 MB.

Unloading 10 unused Assets to reduce memory usage. Loaded Objects now: 1584.
Total: 9.527500 ms (FindLiveObjects: 0.915400 ms CreateObjectMapping: 0.280900 ms MarkObjects: 8.089900 ms  DeleteObjects: 0.237800 ms)

========================================================================
Received Import Request.
  path: Assets/Untitled.png
  artifactKey: Guid(a688f1ca526ed924487c56824b623a76) Importer(815301076,1909f56bfc062723c751e8b465ee728b)
Start importing Assets/Untitled.png using Guid(a688f1ca526ed924487c56824b623a76) Importer(815301076,1909f56bfc062723c751e8b465ee728b)  -> (artifact id: 'e14feb7ca2efac08e428119cebc96971') in 0.590676 seconds
  Import took 0.599566 seconds .

========================================================================
Received Import Request.
  Time since last request: 80.753958 seconds.
  path: Assets/Scripts/StartMenu.cs
  artifactKey: Guid(9dba2cda5beebb54e81abfdd91cae773) Importer(815301076,1909f56bfc062723c751e8b465ee728b)
Start importing Assets/Scripts/StartMenu.cs using Guid(9dba2cda5beebb54e81abfdd91cae773) Importer(815301076,1909f56bfc062723c751e8b465ee728b)  -> (artifact id: 'f6c3bf1f9bef6ab6749939f362c7baf9') in 0.027283 seconds
  Import took 0.031492 seconds .

========================================================================
Received Prepare
Registering precompiled user dll's ...
Registered in 0.001357 seconds.
Begin MonoManager ReloadAssembly
Native extension for WindowsStandalone target not found
Native extension for WebGL target not found
Refreshing native plugins compatible for Editor in 0.28 ms, found 0 plugins.
Preloading 0 native plugins for Editor in 0.00 ms.
Invoked RoslynAnalysisRunner static constructor.
RoslynAnalysisRunner will not be running.
RoslynAnalysisRunner has terminated.
Mono: successfully reloaded assembly
- Completed reload, in  1.114 seconds
Platform modules already initialized, skipping
Refreshing native plugins compatible for Editor in 0.29 ms, found 0 plugins.
Preloading 0 native plugins for Editor in 0.00 ms.
Unloading 1121 Unused Serialized files (Serialized files now loaded: 0)
System memory in use before: 58.9 MB.
System memory in use after: 59.0 MB.

Unloading 5 unused Assets to reduce memory usage. Loaded Objects now: 1589.
Total: 2.937800 ms (FindLiveObjects: 0.243700 ms CreateObjectMapping: 0.061400 ms MarkObjects: 2.542300 ms  DeleteObjects: 0.088100 ms)

========================================================================
Received Import Request.
  Time since last request: 642.029670 seconds.
  path: Assets/Scripts/SettingsMenu.cs
  artifactKey: Guid(a152946e5d6b6ab48b60194308e9ec5c) Importer(815301076,1909f56bfc062723c751e8b465ee728b)
Start importing Assets/Scripts/SettingsMenu.cs using Guid(a152946e5d6b6ab48b60194308e9ec5c) Importer(815301076,1909f56bfc062723c751e8b465ee728b)  -> (artifact id: 'ae210f3f531f02d89d43234ee90d151d') in 0.016599 seconds
  Import took 0.019665 seconds .

========================================================================
Received Prepare
Registering precompiled user dll's ...
Registered in 0.001205 seconds.
Begin MonoManager ReloadAssembly
Native extension for WindowsStandalone target not found
Native extension for WebGL target not found
Refreshing native plugins compatible for Editor in 0.26 ms, found 0 plugins.
Preloading 0 native plugins for Editor in 0.00 ms.
Invoked RoslynAnalysisRunner static constructor.
RoslynAnalysisRunner will not be running.
RoslynAnalysisRunner has terminated.
Mono: successfully reloaded assembly
- Completed reload, in  1.133 seconds
Platform modules already initialized, skipping
Refreshing native plugins compatible for Editor in 0.35 ms, found 0 plugins.
Preloading 0 native plugins for Editor in 0.00 ms.
Unloading 1121 Unused Serialized files (Serialized files now loaded: 0)
System memory in use before: 59.0 MB.
System memory in use after: 59.1 MB.

Unloading 5 unused Assets to reduce memory usage. Loaded Objects now: 1592.
Total: 3.193300 ms (FindLiveObjects: 0.234500 ms CreateObjectMapping: 0.064500 ms MarkObjects: 2.796800 ms  DeleteObjects: 0.095600 ms)

========================================================================
Received Import Request.
  Time since last request: 63.682088 seconds.
  path: Assets/Scripts/SettingsMenu.cs
  artifactKey: Guid(a152946e5d6b6ab48b60194308e9ec5c) Importer(815301076,1909f56bfc062723c751e8b465ee728b)
Start importing Assets/Scripts/SettingsMenu.cs using Guid(a152946e5d6b6ab48b60194308e9ec5c) Importer(815301076,1909f56bfc062723c751e8b465ee728b)  -> (artifact id: '04884624ea1e2cb58fe847ab174d0092') in 0.010168 seconds
  Import took 0.013251 seconds .

========================================================================
Received Import Request.
  Time since last request: 1.073697 seconds.
  path: Assets/Scripts/SettingsMenu.cs
  artifactKey: Guid(a152946e5d6b6ab48b60194308e9ec5c) Importer(815301076,1909f56bfc062723c751e8b465ee728b)
Start importing Assets/Scripts/SettingsMenu.cs using Guid(a152946e5d6b6ab48b60194308e9ec5c) Importer(815301076,1909f56bfc062723c751e8b465ee728b)  -> (artifact id: '04884624ea1e2cb58fe847ab174d0092') in 0.006304 seconds
  Import took 0.009706 seconds .

========================================================================
Received Prepare
Registering precompiled user dll's ...
Registered in 0.001276 seconds.
Begin MonoManager ReloadAssembly
Native extension for WindowsStandalone target not found
Native extension for WebGL target not found
Refreshing native plugins compatible for Editor in 0.30 ms, found 0 plugins.
Preloading 0 native plugins for Editor in 0.00 ms.
Invoked RoslynAnalysisRunner static constructor.
RoslynAnalysisRunner will not be running.
RoslynAnalysisRunner has terminated.
Mono: successfully reloaded assembly
- Completed reload, in  1.101 seconds
Platform modules already initialized, skipping
Refreshing native plugins compatible for Editor in 0.34 ms, found 0 plugins.
Preloading 0 native plugins for Editor in 0.00 ms.
Unloading 1121 Unused Serialized files (Serialized files now loaded: 0)
System memory in use before: 59.0 MB.
System memory in use after: 59.1 MB.

Unloading 5 unused Assets to reduce memory usage. Loaded Objects now: 1595.
Total: 2.491500 ms (FindLiveObjects: 0.191700 ms CreateObjectMapping: 0.036500 ms MarkObjects: 2.179200 ms  DeleteObjects: 0.082400 ms)

========================================================================
Received Prepare
Registering precompiled user dll's ...
Registered in 0.001522 seconds.
Begin MonoManager ReloadAssembly
Native extension for WindowsStandalone target not found
Native extension for WebGL target not found
Refreshing native plugins compatible for Editor in 0.26 ms, found 0 plugins.
Preloading 0 native plugins for Editor in 0.00 ms.
Invoked RoslynAnalysisRunner static constructor.
RoslynAnalysisRunner will not be running.
RoslynAnalysisRunner has terminated.
Mono: successfully reloaded assembly
- Completed reload, in  1.071 seconds
Platform modules already initialized, skipping
Refreshing native plugins compatible for Editor in 0.26 ms, found 0 plugins.
Preloading 0 native plugins for Editor in 0.00 ms.
Unloading 1121 Unused Serialized files (Serialized files now loaded: 0)
System memory in use before: 59.0 MB.
System memory in use after: 59.1 MB.

Unloading 5 unused Assets to reduce memory usage. Loaded Objects now: 1598.
Total: 2.387400 ms (FindLiveObjects: 0.197400 ms CreateObjectMapping: 0.042800 ms MarkObjects: 2.063600 ms  DeleteObjects: 0.082300 ms)

========================================================================
Received Prepare
Registering precompiled user dll's ...
Registered in 0.002029 seconds.
Begin MonoManager ReloadAssembly
Native extension for WindowsStandalone target not found
Native extension for WebGL target not found
Refreshing native plugins compatible for Editor in 0.35 ms, found 0 plugins.
Preloading 0 native plugins for Editor in 0.00 ms.
Invoked RoslynAnalysisRunner static constructor.
RoslynAnalysisRunner will not be running.
RoslynAnalysisRunner has terminated.
Mono: successfully reloaded assembly
- Completed reload, in  1.469 seconds
Platform modules already initialized, skipping
Refreshing native plugins compatible for Editor in 0.26 ms, found 0 plugins.
Preloading 0 native plugins for Editor in 0.00 ms.
Unloading 1121 Unused Serialized files (Serialized files now loaded: 0)
System memory in use before: 59.0 MB.
System memory in use after: 59.1 MB.

Unloading 5 unused Assets to reduce memory usage. Loaded Objects now: 1601.
Total: 3.196800 ms (FindLiveObjects: 0.232700 ms CreateObjectMapping: 0.058700 ms MarkObjects: 2.805200 ms  DeleteObjects: 0.097900 ms)

========================================================================
Received Prepare
Registering precompiled user dll's ...
Registered in 0.001495 seconds.
Begin MonoManager ReloadAssembly
Native extension for WindowsStandalone target not found
Native extension for WebGL target not found
Refreshing native plugins compatible for Editor in 0.24 ms, found 0 plugins.
Preloading 0 native plugins for Editor in 0.00 ms.
Invoked RoslynAnalysisRunner static constructor.
RoslynAnalysisRunner will not be running.
RoslynAnalysisRunner has terminated.
Mono: successfully reloaded assembly
- Completed reload, in  1.051 seconds
Platform modules already initialized, skipping
Refreshing native plugins compatible for Editor in 0.30 ms, found 0 plugins.
Preloading 0 native plugins for Editor in 0.00 ms.
Unloading 1121 Unused Serialized files (Serialized files now loaded: 0)
System memory in use before: 59.0 MB.
System memory in use after: 59.1 MB.

Unloading 5 unused Assets to reduce memory usage. Loaded Objects now: 1604.
Total: 2.433700 ms (FindLiveObjects: 0.318500 ms CreateObjectMapping: 0.037000 ms MarkObjects: 1.999400 ms  DeleteObjects: 0.076900 ms)

========================================================================
Received Import Request.
  Time since last request: 1458.397602 seconds.
  path: Assets/Scripts/SettingsMenu.cs
  artifactKey: Guid(a152946e5d6b6ab48b60194308e9ec5c) Importer(815301076,1909f56bfc062723c751e8b465ee728b)
Start importing Assets/Scripts/SettingsMenu.cs using Guid(a152946e5d6b6ab48b60194308e9ec5c) Importer(815301076,1909f56bfc062723c751e8b465ee728b)  -> (artifact id: '38a39a4b800624b470ef3f96799c66cf') in 0.009110 seconds
  Import took 0.012382 seconds .

========================================================================
Received Import Request.
  Time since last request: 0.518651 seconds.
  path: Assets/Scripts/PlayerManager.cs
  artifactKey: Guid(b44b0fdd7913d9f49b20217352c3f5f7) Importer(815301076,1909f56bfc062723c751e8b465ee728b)
Start importing Assets/Scripts/PlayerManager.cs using Guid(b44b0fdd7913d9f49b20217352c3f5f7) Importer(815301076,1909f56bfc062723c751e8b465ee728b)  -> (artifact id: '7195605398114f19f3f5caf8f78d11d6') in 0.012382 seconds
  Import took 0.014851 seconds .

========================================================================
Received Import Request.
  Time since last request: 0.175244 seconds.
  path: Assets/Scripts/EnemyScript.cs
  artifactKey: Guid(22304453379c59c4b8fe77bd65d20898) Importer(815301076,1909f56bfc062723c751e8b465ee728b)
Start importing Assets/Scripts/EnemyScript.cs using Guid(22304453379c59c4b8fe77bd65d20898) Importer(815301076,1909f56bfc062723c751e8b465ee728b)  -> (artifact id: 'ebe9cb6101139abbaa2fe303edc6ba1f') in 0.010807 seconds
  Import took 0.014304 seconds .

========================================================================
Received Prepare
Registering precompiled user dll's ...
Registered in 0.001799 seconds.
Begin MonoManager ReloadAssembly
Native extension for WindowsStandalone target not found
Native extension for WebGL target not found
Refreshing native plugins compatible for Editor in 0.59 ms, found 0 plugins.
Preloading 0 native plugins for Editor in 0.00 ms.
Invoked RoslynAnalysisRunner static constructor.
RoslynAnalysisRunner will not be running.
RoslynAnalysisRunner has terminated.
Mono: successfully reloaded assembly
- Completed reload, in  2.427 seconds
Platform modules already initialized, skipping
Refreshing native plugins compatible for Editor in 0.70 ms, found 0 plugins.
Preloading 0 native plugins for Editor in 0.00 ms.
Unloading 1121 Unused Serialized files (Serialized files now loaded: 0)
System memory in use before: 59.0 MB.
System memory in use after: 59.1 MB.

Unloading 5 unused Assets to reduce memory usage. Loaded Objects now: 1607.
Total: 4.790900 ms (FindLiveObjects: 0.380000 ms CreateObjectMapping: 0.070700 ms MarkObjects: 4.242300 ms  DeleteObjects: 0.095300 ms)

AssetImportWorkerClient::OnTransportError - code=2 error=End of file
