Using pre-set license
Built from '2020.3/staging' branch; Version is '2020.3.0f1 (c7b5465681fb) revision 13088070'; Using compiler version '192528614'; Build Type 'Release'
OS: 'Windows 10 Home; OS build 19044.1586; Version 2009; 64bit' Language: 'en' Physical Memory: 14282 MB
BatchMode: 1, IsHumanControllingUs: 0, StartBugReporterOnCrash: 0, Is64bit: 1, IsPro: 0

 COMMAND LINE ARGUMENTS:
C:\Program Files\Unity\Hub\Editor\2020.3.0f1\Editor\Unity.exe
-adb2
-batchMode
-noUpm
-name
AssetImportWorker0
-projectPath
C:/Users/mitchell_pincham/FPS-Game-2022/Game
-logFile
Logs/AssetImportWorker0.log
-srvPort
61853
Successfully changed project path to: C:/Users/mitchell_pincham/FPS-Game-2022/Game
C:/Users/mitchell_pincham/FPS-Game-2022/Game
Using Asset Import Pipeline V2.
Refreshing native plugins compatible for Editor in 69.67 ms, found 0 plugins.
Preloading 0 native plugins for Editor in 0.00 ms.
Initialize engine version: 2020.3.0f1 (c7b5465681fb)
[Subsystems] Discovering subsystems at path C:/Program Files/Unity/Hub/Editor/2020.3.0f1/Editor/Data/Resources/UnitySubsystems
[Subsystems] Discovering subsystems at path C:/Users/mitchell_pincham/FPS-Game-2022/Game/Assets
GfxDevice: creating device client; threaded=0
Direct3D:
    Version:  Direct3D 11.0 [level 11.1]
    Renderer: AMD Radeon(TM) Vega 8 Graphics (ID=0x15d8)
    Vendor:   
    VRAM:     7141 MB
    Driver:   27.20.21034.37
Initialize mono
Mono path[0] = 'C:/Program Files/Unity/Hub/Editor/2020.3.0f1/Editor/Data/Managed'
Mono path[1] = 'C:/Program Files/Unity/Hub/Editor/2020.3.0f1/Editor/Data/MonoBleedingEdge/lib/mono/unityjit'
Mono config path = 'C:/Program Files/Unity/Hub/Editor/2020.3.0f1/Editor/Data/MonoBleedingEdge/etc'
Using monoOptions --debugger-agent=transport=dt_socket,embedding=1,server=y,suspend=n,address=127.0.0.1:56256
Begin MonoManager ReloadAssembly
Registering precompiled unity dll's ...
Register platform support module: C:/Program Files/Unity/Hub/Editor/2020.3.0f1/Editor/Data/PlaybackEngines/WebGLSupport/UnityEditor.WebGL.Extensions.dll
Register platform support module: C:/Program Files/Unity/Hub/Editor/2020.3.0f1/Editor/Data/PlaybackEngines/WindowsStandaloneSupport/UnityEditor.WindowsStandalone.Extensions.dll
Registered in 0.004603 seconds.
Native extension for WindowsStandalone target not found
Native extension for WebGL target not found
Refreshing native plugins compatible for Editor in 29.46 ms, found 0 plugins.
Preloading 0 native plugins for Editor in 0.00 ms.
Invoked RoslynAnalysisRunner static constructor.
RoslynAnalysisRunner will not be running.
RoslynAnalysisRunner has terminated.
Mono: successfully reloaded assembly
- Completed reload, in  5.414 seconds
Platform modules already initialized, skipping
Registering precompiled user dll's ...
Registered in 0.002293 seconds.
Begin MonoManager ReloadAssembly
Native extension for WindowsStandalone target not found
Native extension for WebGL target not found
Refreshing native plugins compatible for Editor in 0.61 ms, found 0 plugins.
Preloading 0 native plugins for Editor in 0.00 ms.
Invoked RoslynAnalysisRunner static constructor.
RoslynAnalysisRunner will not be running.
RoslynAnalysisRunner has terminated.
Mono: successfully reloaded assembly
- Completed reload, in  2.874 seconds
Platform modules already initialized, skipping
========================================================================
Worker process is ready to serve import requests
Launched and connected shader compiler UnityShaderCompiler.exe after 0.11 seconds
Refreshing native plugins compatible for Editor in 0.43 ms, found 0 plugins.
Preloading 0 native plugins for Editor in 0.00 ms.
Unloading 1118 Unused Serialized files (Serialized files now loaded: 0)
System memory in use before: 57.4 MB.
System memory in use after: 57.4 MB.

Unloading 10 unused Assets to reduce memory usage. Loaded Objects now: 1561.
Total: 4.366100 ms (FindLiveObjects: 0.352300 ms CreateObjectMapping: 0.092300 ms MarkObjects: 3.728700 ms  DeleteObjects: 0.189900 ms)

========================================================================
Received Import Request.
  path: Assets/ProjectileGun.cs
  artifactKey: Guid(4c60fd6a40e3ea64b8d04e13134b2683) Importer(815301076,1909f56bfc062723c751e8b465ee728b)
Start importing Assets/ProjectileGun.cs using Guid(4c60fd6a40e3ea64b8d04e13134b2683) Importer(815301076,1909f56bfc062723c751e8b465ee728b)  -> (artifact id: '0834e2fb0db08bc13ab9b3d42cdc78c1') in 0.115828 seconds
  Import took 0.120553 seconds .

========================================================================
Received Prepare
Refreshing native plugins compatible for Editor in 2.13 ms, found 0 plugins.
Preloading 0 native plugins for Editor in 0.00 ms.
Unloading 3 Unused Serialized files (Serialized files now loaded: 0)
System memory in use before: 35.2 MB.
System memory in use after: 35.3 MB.

Unloading 3 unused Assets to reduce memory usage. Loaded Objects now: 1561.
Total: 4.356000 ms (FindLiveObjects: 0.308500 ms CreateObjectMapping: 0.087700 ms MarkObjects: 3.838400 ms  DeleteObjects: 0.118100 ms)

========================================================================
Received Import Request.
  Time since last request: 91.006083 seconds.
  path: Assets/ProjectileGun.cs
  artifactKey: Guid(4c60fd6a40e3ea64b8d04e13134b2683) Importer(815301076,1909f56bfc062723c751e8b465ee728b)
Start importing Assets/ProjectileGun.cs using Guid(4c60fd6a40e3ea64b8d04e13134b2683) Importer(815301076,1909f56bfc062723c751e8b465ee728b)  -> (artifact id: '9fd094c29098b7e06ffc9b508448b348') in 0.009516 seconds
  Import took 0.014253 seconds .

========================================================================
Received Import Request.
  Time since last request: 66.361285 seconds.
  path: Assets/ProjectileGun.cs
  artifactKey: Guid(4c60fd6a40e3ea64b8d04e13134b2683) Importer(815301076,1909f56bfc062723c751e8b465ee728b)
Start importing Assets/ProjectileGun.cs using Guid(4c60fd6a40e3ea64b8d04e13134b2683) Importer(815301076,1909f56bfc062723c751e8b465ee728b)  -> (artifact id: '630bf20ab0cbfcea7aab9960b484d90c') in 0.020179 seconds
  Import took 0.033901 seconds .

========================================================================
Received Prepare
Registering precompiled user dll's ...
Registered in 0.002239 seconds.
Begin MonoManager ReloadAssembly
Native extension for WindowsStandalone target not found
Native extension for WebGL target not found
Refreshing native plugins compatible for Editor in 0.46 ms, found 0 plugins.
Preloading 0 native plugins for Editor in 0.00 ms.
Invoked RoslynAnalysisRunner static constructor.
RoslynAnalysisRunner will not be running.
RoslynAnalysisRunner has terminated.
Mono: successfully reloaded assembly
- Completed reload, in  2.502 seconds
Platform modules already initialized, skipping
Refreshing native plugins compatible for Editor in 0.50 ms, found 0 plugins.
Preloading 0 native plugins for Editor in 0.00 ms.
Unloading 1113 Unused Serialized files (Serialized files now loaded: 0)
System memory in use before: 57.3 MB.
System memory in use after: 57.4 MB.

Unloading 5 unused Assets to reduce memory usage. Loaded Objects now: 1564.
Total: 4.728400 ms (FindLiveObjects: 0.386100 ms CreateObjectMapping: 0.099000 ms MarkObjects: 4.103500 ms  DeleteObjects: 0.136400 ms)

========================================================================
Received Import Request.
  Time since last request: 61.679936 seconds.
  path: Assets/ProjectileGun.cs
  artifactKey: Guid(4c60fd6a40e3ea64b8d04e13134b2683) Importer(815301076,1909f56bfc062723c751e8b465ee728b)
Start importing Assets/ProjectileGun.cs using Guid(4c60fd6a40e3ea64b8d04e13134b2683) Importer(815301076,1909f56bfc062723c751e8b465ee728b)  -> (artifact id: '6ccb3696f8f9b2e89eefd3f9a39b456c') in 0.024993 seconds
  Import took 0.031078 seconds .

========================================================================
Received Import Request.
  Time since last request: 3.133598 seconds.
  path: Assets/ProjectileGun.cs
  artifactKey: Guid(4c60fd6a40e3ea64b8d04e13134b2683) Importer(815301076,1909f56bfc062723c751e8b465ee728b)
Start importing Assets/ProjectileGun.cs using Guid(4c60fd6a40e3ea64b8d04e13134b2683) Importer(815301076,1909f56bfc062723c751e8b465ee728b)  -> (artifact id: '6ccb3696f8f9b2e89eefd3f9a39b456c') in 0.012648 seconds
  Import took 0.018582 seconds .

========================================================================
Received Prepare
Registering precompiled user dll's ...
Registered in 0.001984 seconds.
Begin MonoManager ReloadAssembly
Native extension for WindowsStandalone target not found
Native extension for WebGL target not found
Refreshing native plugins compatible for Editor in 0.49 ms, found 0 plugins.
Preloading 0 native plugins for Editor in 0.00 ms.
Invoked RoslynAnalysisRunner static constructor.
RoslynAnalysisRunner will not be running.
RoslynAnalysisRunner has terminated.
Mono: successfully reloaded assembly
- Completed reload, in  2.556 seconds
Platform modules already initialized, skipping
Refreshing native plugins compatible for Editor in 0.37 ms, found 0 plugins.
Preloading 0 native plugins for Editor in 0.00 ms.
Unloading 1113 Unused Serialized files (Serialized files now loaded: 0)
System memory in use before: 57.4 MB.
System memory in use after: 57.5 MB.

Unloading 5 unused Assets to reduce memory usage. Loaded Objects now: 1567.
Total: 3.315600 ms (FindLiveObjects: 0.250800 ms CreateObjectMapping: 0.055400 ms MarkObjects: 2.901800 ms  DeleteObjects: 0.105200 ms)

========================================================================
Received Prepare
Registering precompiled user dll's ...
Registered in 0.002090 seconds.
Begin MonoManager ReloadAssembly
Native extension for WindowsStandalone target not found
Native extension for WebGL target not found
Refreshing native plugins compatible for Editor in 0.45 ms, found 0 plugins.
Preloading 0 native plugins for Editor in 0.00 ms.
Invoked RoslynAnalysisRunner static constructor.
RoslynAnalysisRunner will not be running.
RoslynAnalysisRunner has terminated.
Mono: successfully reloaded assembly
- Completed reload, in  2.244 seconds
Platform modules already initialized, skipping
Refreshing native plugins compatible for Editor in 0.50 ms, found 0 plugins.
Preloading 0 native plugins for Editor in 0.00 ms.
Unloading 1113 Unused Serialized files (Serialized files now loaded: 0)
System memory in use before: 57.4 MB.
System memory in use after: 57.5 MB.

Unloading 5 unused Assets to reduce memory usage. Loaded Objects now: 1570.
Total: 3.846300 ms (FindLiveObjects: 0.279500 ms CreateObjectMapping: 0.067200 ms MarkObjects: 3.371600 ms  DeleteObjects: 0.124500 ms)

========================================================================
Received Import Request.
  Time since last request: 313.122943 seconds.
  path: Assets/GunControl.cs
  artifactKey: Guid(3d1423aaf888c8d4fa13e9cc5404804e) Importer(815301076,1909f56bfc062723c751e8b465ee728b)
Start importing Assets/GunControl.cs using Guid(3d1423aaf888c8d4fa13e9cc5404804e) Importer(815301076,1909f56bfc062723c751e8b465ee728b)  -> (artifact id: '65909b20cb2c7b248b803d0029e00d4a') in 0.032110 seconds
  Import took 0.039502 seconds .

========================================================================
Received Import Request.
  Time since last request: 0.071236 seconds.
  path: Assets/GunControl.cs
  artifactKey: Guid(3d1423aaf888c8d4fa13e9cc5404804e) Importer(815301076,1909f56bfc062723c751e8b465ee728b)
Start importing Assets/GunControl.cs using Guid(3d1423aaf888c8d4fa13e9cc5404804e) Importer(815301076,1909f56bfc062723c751e8b465ee728b)  -> (artifact id: '65909b20cb2c7b248b803d0029e00d4a') in 0.013804 seconds
  Import took 0.021206 seconds .

========================================================================
Received Import Request.
  Time since last request: 103.260010 seconds.
  path: Assets/GunControl.cs
  artifactKey: Guid(3d1423aaf888c8d4fa13e9cc5404804e) Importer(815301076,1909f56bfc062723c751e8b465ee728b)
Start importing Assets/GunControl.cs using Guid(3d1423aaf888c8d4fa13e9cc5404804e) Importer(815301076,1909f56bfc062723c751e8b465ee728b)  -> (artifact id: 'ec5d6d56fca75d3013b5265b50928896') in 0.024168 seconds
  Import took 0.047349 seconds .

========================================================================
Received Import Request.
  Time since last request: 0.007986 seconds.
  path: Assets/GunControl.cs
  artifactKey: Guid(3d1423aaf888c8d4fa13e9cc5404804e) Importer(815301076,1909f56bfc062723c751e8b465ee728b)
Start importing Assets/GunControl.cs using Guid(3d1423aaf888c8d4fa13e9cc5404804e) Importer(815301076,1909f56bfc062723c751e8b465ee728b)  -> (artifact id: 'ec5d6d56fca75d3013b5265b50928896') in 0.017415 seconds
  Import took 0.024702 seconds .

========================================================================
Received Import Request.
  Time since last request: 292.376333 seconds.
  path: Assets/GunControl.cs
  artifactKey: Guid(3d1423aaf888c8d4fa13e9cc5404804e) Importer(815301076,1909f56bfc062723c751e8b465ee728b)
Start importing Assets/GunControl.cs using Guid(3d1423aaf888c8d4fa13e9cc5404804e) Importer(815301076,1909f56bfc062723c751e8b465ee728b)  -> (artifact id: 'fa10b6f8d9e230a1e504c461251e6adc') in 0.015425 seconds
  Import took 0.022418 seconds .

========================================================================
Received Import Request.
  Time since last request: 61.273658 seconds.
  path: Assets/GunControl.cs
  artifactKey: Guid(3d1423aaf888c8d4fa13e9cc5404804e) Importer(815301076,1909f56bfc062723c751e8b465ee728b)
Start importing Assets/GunControl.cs using Guid(3d1423aaf888c8d4fa13e9cc5404804e) Importer(815301076,1909f56bfc062723c751e8b465ee728b)  -> (artifact id: '70dad86494359cd79c790e07e0af1735') in 0.009692 seconds
  Import took 0.015687 seconds .

========================================================================
Received Import Request.
  Time since last request: 79.012868 seconds.
  path: Assets/GunControl.cs
  artifactKey: Guid(3d1423aaf888c8d4fa13e9cc5404804e) Importer(815301076,1909f56bfc062723c751e8b465ee728b)
Start importing Assets/GunControl.cs using Guid(3d1423aaf888c8d4fa13e9cc5404804e) Importer(815301076,1909f56bfc062723c751e8b465ee728b)  -> (artifact id: '0274fa607dd552bd1ffcb15566345a45') in 0.027183 seconds
  Import took 0.037387 seconds .

========================================================================
Received Import Request.
  Time since last request: 32.092112 seconds.
  path: Assets/GunControl.cs
  artifactKey: Guid(3d1423aaf888c8d4fa13e9cc5404804e) Importer(815301076,1909f56bfc062723c751e8b465ee728b)
Start importing Assets/GunControl.cs using Guid(3d1423aaf888c8d4fa13e9cc5404804e) Importer(815301076,1909f56bfc062723c751e8b465ee728b)  -> (artifact id: '595a92562d5c83f972f0371e1723195e') in 0.025884 seconds
  Import took 0.032479 seconds .

========================================================================
Received Import Request.
  Time since last request: 58.051176 seconds.
  path: Assets/GunControl.cs
  artifactKey: Guid(3d1423aaf888c8d4fa13e9cc5404804e) Importer(815301076,1909f56bfc062723c751e8b465ee728b)
Start importing Assets/GunControl.cs using Guid(3d1423aaf888c8d4fa13e9cc5404804e) Importer(815301076,1909f56bfc062723c751e8b465ee728b)  -> (artifact id: '165b93d4560892fd9146b75b88873b67') in 0.014925 seconds
  Import took 0.021623 seconds .

========================================================================
Received Import Request.
  Time since last request: 8.294297 seconds.
  path: Assets/GunControl.cs
  artifactKey: Guid(3d1423aaf888c8d4fa13e9cc5404804e) Importer(815301076,1909f56bfc062723c751e8b465ee728b)
Start importing Assets/GunControl.cs using Guid(3d1423aaf888c8d4fa13e9cc5404804e) Importer(815301076,1909f56bfc062723c751e8b465ee728b)  -> (artifact id: '02987bcc9fb80a960631fac3a8b4f258') in 0.010734 seconds
  Import took 0.015567 seconds .

========================================================================
Received Import Request.
  Time since last request: 14.270531 seconds.
  path: Assets/GunControl.cs
  artifactKey: Guid(3d1423aaf888c8d4fa13e9cc5404804e) Importer(815301076,1909f56bfc062723c751e8b465ee728b)
Start importing Assets/GunControl.cs using Guid(3d1423aaf888c8d4fa13e9cc5404804e) Importer(815301076,1909f56bfc062723c751e8b465ee728b)  -> (artifact id: '655a29181f096763f1a1c3d4da5560d1') in 0.024989 seconds
  Import took 0.032606 seconds .

========================================================================
Received Import Request.
  Time since last request: 53.845102 seconds.
  path: Assets/GunControl.cs
  artifactKey: Guid(3d1423aaf888c8d4fa13e9cc5404804e) Importer(815301076,1909f56bfc062723c751e8b465ee728b)
Start importing Assets/GunControl.cs using Guid(3d1423aaf888c8d4fa13e9cc5404804e) Importer(815301076,1909f56bfc062723c751e8b465ee728b)  -> (artifact id: '6b9badeaa0b1000f4456aa1ac8d17901') in 0.010045 seconds
  Import took 0.014561 seconds .

========================================================================
Received Import Request.
  Time since last request: 149.390487 seconds.
  path: Assets/GunControl.cs
  artifactKey: Guid(3d1423aaf888c8d4fa13e9cc5404804e) Importer(815301076,1909f56bfc062723c751e8b465ee728b)
Start importing Assets/GunControl.cs using Guid(3d1423aaf888c8d4fa13e9cc5404804e) Importer(815301076,1909f56bfc062723c751e8b465ee728b)  -> (artifact id: '97fd4b0f7529c64e86c4f7f8744b43a5') in 0.016650 seconds
  Import took 0.025507 seconds .

========================================================================
Received Prepare
Registering precompiled user dll's ...
Registered in 0.002349 seconds.
Begin MonoManager ReloadAssembly
Native extension for WindowsStandalone target not found
Native extension for WebGL target not found
Refreshing native plugins compatible for Editor in 0.46 ms, found 0 plugins.
Preloading 0 native plugins for Editor in 0.00 ms.
Invoked RoslynAnalysisRunner static constructor.
RoslynAnalysisRunner will not be running.
RoslynAnalysisRunner has terminated.
Mono: successfully reloaded assembly
- Completed reload, in  2.820 seconds
Platform modules already initialized, skipping
Refreshing native plugins compatible for Editor in 0.45 ms, found 0 plugins.
Preloading 0 native plugins for Editor in 0.00 ms.
Unloading 1113 Unused Serialized files (Serialized files now loaded: 0)
System memory in use before: 57.4 MB.
System memory in use after: 57.5 MB.

Unloading 5 unused Assets to reduce memory usage. Loaded Objects now: 1573.
Total: 4.712000 ms (FindLiveObjects: 0.792500 ms CreateObjectMapping: 0.095700 ms MarkObjects: 3.687600 ms  DeleteObjects: 0.133200 ms)

========================================================================
Received Prepare
Registering precompiled user dll's ...
Registered in 0.003506 seconds.
Begin MonoManager ReloadAssembly
Native extension for WindowsStandalone target not found
Native extension for WebGL target not found
Refreshing native plugins compatible for Editor in 0.46 ms, found 0 plugins.
Preloading 0 native plugins for Editor in 0.00 ms.
Invoked RoslynAnalysisRunner static constructor.
RoslynAnalysisRunner will not be running.
RoslynAnalysisRunner has terminated.
Mono: successfully reloaded assembly
- Completed reload, in  2.505 seconds
Platform modules already initialized, skipping
Refreshing native plugins compatible for Editor in 0.45 ms, found 0 plugins.
Preloading 0 native plugins for Editor in 0.00 ms.
Unloading 1113 Unused Serialized files (Serialized files now loaded: 0)
System memory in use before: 57.4 MB.
System memory in use after: 57.5 MB.

Unloading 5 unused Assets to reduce memory usage. Loaded Objects now: 1576.
Total: 4.040600 ms (FindLiveObjects: 0.313900 ms CreateObjectMapping: 0.085400 ms MarkObjects: 3.514300 ms  DeleteObjects: 0.123900 ms)

========================================================================
Received Import Request.
  Time since last request: 123.183563 seconds.
  path: Assets/GunControl.cs
  artifactKey: Guid(3d1423aaf888c8d4fa13e9cc5404804e) Importer(815301076,1909f56bfc062723c751e8b465ee728b)
Start importing Assets/GunControl.cs using Guid(3d1423aaf888c8d4fa13e9cc5404804e) Importer(815301076,1909f56bfc062723c751e8b465ee728b)  -> (artifact id: '0c0120b7bcc3fc01d790a2b0806c8cba') in 0.022251 seconds
  Import took 0.027770 seconds .

========================================================================
Received Import Request.
  Time since last request: 3.174069 seconds.
  path: Assets/GunControl.cs
  artifactKey: Guid(3d1423aaf888c8d4fa13e9cc5404804e) Importer(815301076,1909f56bfc062723c751e8b465ee728b)
Start importing Assets/GunControl.cs using Guid(3d1423aaf888c8d4fa13e9cc5404804e) Importer(815301076,1909f56bfc062723c751e8b465ee728b)  -> (artifact id: 'f993e836655cca104e5c32e34205bf44') in 0.030172 seconds
  Import took 0.039249 seconds .

========================================================================
Received Prepare
Registering precompiled user dll's ...
Registered in 0.002492 seconds.
Begin MonoManager ReloadAssembly
Native extension for WindowsStandalone target not found
Native extension for WebGL target not found
Refreshing native plugins compatible for Editor in 0.54 ms, found 0 plugins.
Preloading 0 native plugins for Editor in 0.00 ms.
Invoked RoslynAnalysisRunner static constructor.
RoslynAnalysisRunner will not be running.
RoslynAnalysisRunner has terminated.
Mono: successfully reloaded assembly
- Completed reload, in  2.467 seconds
Platform modules already initialized, skipping
Refreshing native plugins compatible for Editor in 0.45 ms, found 0 plugins.
Preloading 0 native plugins for Editor in 0.00 ms.
Unloading 1113 Unused Serialized files (Serialized files now loaded: 0)
System memory in use before: 57.4 MB.
System memory in use after: 57.5 MB.

Unloading 5 unused Assets to reduce memory usage. Loaded Objects now: 1579.
Total: 3.781800 ms (FindLiveObjects: 0.290200 ms CreateObjectMapping: 0.073700 ms MarkObjects: 3.279700 ms  DeleteObjects: 0.135000 ms)

========================================================================
Received Prepare
Registering precompiled user dll's ...
Registered in 0.002662 seconds.
Begin MonoManager ReloadAssembly
Native extension for WindowsStandalone target not found
Native extension for WebGL target not found
Refreshing native plugins compatible for Editor in 0.45 ms, found 0 plugins.
Preloading 0 native plugins for Editor in 0.00 ms.
Invoked RoslynAnalysisRunner static constructor.
RoslynAnalysisRunner will not be running.
RoslynAnalysisRunner has terminated.
Mono: successfully reloaded assembly
- Completed reload, in  2.531 seconds
Platform modules already initialized, skipping
Refreshing native plugins compatible for Editor in 0.50 ms, found 0 plugins.
Preloading 0 native plugins for Editor in 0.00 ms.
Unloading 1113 Unused Serialized files (Serialized files now loaded: 0)
System memory in use before: 57.4 MB.
System memory in use after: 57.5 MB.

Unloading 5 unused Assets to reduce memory usage. Loaded Objects now: 1582.
Total: 4.392600 ms (FindLiveObjects: 0.288500 ms CreateObjectMapping: 0.067500 ms MarkObjects: 3.908000 ms  DeleteObjects: 0.125600 ms)

========================================================================
Received Prepare
Registering precompiled user dll's ...
Registered in 0.002440 seconds.
Begin MonoManager ReloadAssembly
Native extension for WindowsStandalone target not found
Native extension for WebGL target not found
Refreshing native plugins compatible for Editor in 0.46 ms, found 0 plugins.
Preloading 0 native plugins for Editor in 0.00 ms.
Invoked RoslynAnalysisRunner static constructor.
RoslynAnalysisRunner will not be running.
RoslynAnalysisRunner has terminated.
Mono: successfully reloaded assembly
- Completed reload, in  2.278 seconds
Platform modules already initialized, skipping
Refreshing native plugins compatible for Editor in 0.46 ms, found 0 plugins.
Preloading 0 native plugins for Editor in 0.00 ms.
Unloading 1113 Unused Serialized files (Serialized files now loaded: 0)
System memory in use before: 57.4 MB.
System memory in use after: 57.5 MB.

Unloading 5 unused Assets to reduce memory usage. Loaded Objects now: 1585.
Total: 4.750200 ms (FindLiveObjects: 0.428400 ms CreateObjectMapping: 0.123900 ms MarkObjects: 4.066200 ms  DeleteObjects: 0.128200 ms)

========================================================================
Received Prepare
Registering precompiled user dll's ...
Registered in 0.002566 seconds.
Begin MonoManager ReloadAssembly
Native extension for WindowsStandalone target not found
Native extension for WebGL target not found
Refreshing native plugins compatible for Editor in 0.44 ms, found 0 plugins.
Preloading 0 native plugins for Editor in 0.00 ms.
Invoked RoslynAnalysisRunner static constructor.
RoslynAnalysisRunner will not be running.
RoslynAnalysisRunner has terminated.
Mono: successfully reloaded assembly
- Completed reload, in  2.541 seconds
Platform modules already initialized, skipping
Refreshing native plugins compatible for Editor in 0.44 ms, found 0 plugins.
Preloading 0 native plugins for Editor in 0.00 ms.
Unloading 1113 Unused Serialized files (Serialized files now loaded: 0)
System memory in use before: 57.4 MB.
System memory in use after: 57.5 MB.

Unloading 5 unused Assets to reduce memory usage. Loaded Objects now: 1588.
Total: 4.078700 ms (FindLiveObjects: 0.381200 ms CreateObjectMapping: 0.086800 ms MarkObjects: 3.483600 ms  DeleteObjects: 0.124100 ms)

========================================================================
Received Prepare
Registering precompiled user dll's ...
Registered in 0.002450 seconds.
Begin MonoManager ReloadAssembly
Native extension for WindowsStandalone target not found
Native extension for WebGL target not found
Refreshing native plugins compatible for Editor in 0.51 ms, found 0 plugins.
Preloading 0 native plugins for Editor in 0.00 ms.
Invoked RoslynAnalysisRunner static constructor.
RoslynAnalysisRunner will not be running.
RoslynAnalysisRunner has terminated.
Mono: successfully reloaded assembly
- Completed reload, in  2.393 seconds
Platform modules already initialized, skipping
Refreshing native plugins compatible for Editor in 0.44 ms, found 0 plugins.
Preloading 0 native plugins for Editor in 0.00 ms.
Unloading 1113 Unused Serialized files (Serialized files now loaded: 0)
System memory in use before: 57.4 MB.
System memory in use after: 57.5 MB.

Unloading 5 unused Assets to reduce memory usage. Loaded Objects now: 1591.
Total: 4.151900 ms (FindLiveObjects: 0.297100 ms CreateObjectMapping: 0.067600 ms MarkObjects: 3.654200 ms  DeleteObjects: 0.129100 ms)

========================================================================
Received Prepare
Registering precompiled user dll's ...
Registered in 0.002381 seconds.
Begin MonoManager ReloadAssembly
Native extension for WindowsStandalone target not found
Native extension for WebGL target not found
Refreshing native plugins compatible for Editor in 0.40 ms, found 0 plugins.
Preloading 0 native plugins for Editor in 0.00 ms.
Invoked RoslynAnalysisRunner static constructor.
RoslynAnalysisRunner will not be running.
RoslynAnalysisRunner has terminated.
Mono: successfully reloaded assembly
- Completed reload, in  2.709 seconds
Platform modules already initialized, skipping
Refreshing native plugins compatible for Editor in 0.69 ms, found 0 plugins.
Preloading 0 native plugins for Editor in 0.00 ms.
Unloading 1113 Unused Serialized files (Serialized files now loaded: 0)
System memory in use before: 57.4 MB.
System memory in use after: 57.5 MB.

Unloading 5 unused Assets to reduce memory usage. Loaded Objects now: 1594.
Total: 3.907800 ms (FindLiveObjects: 0.295100 ms CreateObjectMapping: 0.068300 ms MarkObjects: 3.386600 ms  DeleteObjects: 0.154000 ms)

AssetImportWorkerClient::OnTransportError - code=2 error=End of file
